go : # finedine/backend
/handlers
At line:1 char:1
+ go build ./cmd/ 2>&1 
| Out-File -Encoding 
UTF8 err8.log; 
Get-Content  ...
+ ~~~~~~~~~~~~~~~~~~~~
    + CategoryInfo     
         : NotSpecifi  
  ed: (# finedine/ba   
 ckend/handlers:Str    
ing) [], RemoteExc    
eption
    + FullyQualifiedEr 
   rorId : NativeComm  
  andError
 
handlers\admin.go:29:10
: not enough arguments 
in call to database.Que
ry("users").Select
	have (string)
	want (string, string, 
bool)
handlers\admin.go:31:9:
 not enough arguments 
in call to database.Que
ry("users").Select("id,
 email, full_name, 
role, created_at").Orde
r("created_at", &postgr
est.OrderOpts{ΓÇª}).Lim
it
	have (int)
	want (int, string)
handlers\admin.go:32:3:
 database.Query("users"
).Select("id, email, 
full_name, role, create
d_at").Order("created_a
t", &postgrest.OrderOpt
s{ΓÇª}).Limit(limit).Of
fset undefined (type *p
ostgrest.FilterBuilder 
has no field or method 
Offset)
handlers\admin.go:52:10
: not enough arguments 
in call to database.Que
ry("restaurants").Selec
t
	have (string)
	want (string, string, 
bool)
handlers\analytics.go:2
1:10: not enough 
arguments in call to da
tabase.Query("restauran
ts").Select
	have (string)
	want (string, string, 
bool)
handlers\analytics.go:4
7:10: not enough 
arguments in call to da
tabase.Query("orders").
Select
	have (string)
	want (string, string, 
bool)
handlers\analytics.go:5
4:10: not enough 
arguments in call to da
tabase.Query("bookings"
).Select
	have (string)
	want (string, string, 
bool)
handlers\bookings.go:84
:10: not enough 
arguments in call to da
tabase.Query("bookings"
).Select
	have (string)
	want (string, string, 
bool)
handlers\bookings.go:10
3:10: not enough 
arguments in call to da
tabase.Query("bookings"
).Select
	have (string)
	want (string, string, 
bool)
handlers\bookings.go:14
8:10: not enough 
arguments in call to da
tabase.Query("restauran
ts").Select
	have (string)
	want (string, string, 
bool)
handlers\bookings.go:14
8:10: too many errors
